<?xml version="1.0" encoding="UTF-8"?>
<!-- Generated by org.testng.reporters.JUnitXMLReporter -->
<testsuite ignored="1" hostname="Santus-MacBook-Air.local" failures="0" tests="1" name="Default test" time="9.626" errors="0" timestamp="2021-06-20T22:57:24 EDT">
  <testcase classname="testSuite.GreenCartHomeTest" name="verifyPageLogo" time="0.504"/>
  <testcase classname="testSuite.GreenCartHomeTest" name="testMetaData" time="0.0">
    <ignored/>
  </testcase> <!-- testMetaData -->
</testsuite> <!-- Default test -->
