<?xml version="1.0" encoding="UTF-8"?>
<testng-results total="2" passed="2" failed="0" skipped="0">
  <reporter-output>
  </reporter-output>
  <suite started-at="2021-06-08T00:09:28Z" name="Suite" finished-at="2021-06-08T00:09:43Z" duration-ms="14767">
    <groups>
    </groups>
    <test started-at="2021-06-08T00:09:28Z" name="Test" finished-at="2021-06-08T00:09:43Z" duration-ms="14767">
      <class name="testSuite.GreenCartHomeTest">
        <test-method is-config="true" signature="testSetup()[pri:0, instance:testSuite.GreenCartHomeTest@5b367418]" started-at="2021-06-07T20:09:28Z" name="testSetup" finished-at="2021-06-07T20:09:28Z" duration-ms="10" status="PASS">
          <reporter-output>
          </reporter-output>
        </test-method> <!-- testSetup -->
        <test-method is-config="true" signature="startTest()[pri:0, instance:testSuite.GreenCartHomeTest@5b367418]" started-at="2021-06-07T20:09:28Z" name="startTest" finished-at="2021-06-07T20:09:28Z" duration-ms="0" status="PASS">
          <reporter-output>
          </reporter-output>
        </test-method> <!-- startTest -->
        <test-method is-config="true" signature="testCaseSetup()[pri:0, instance:testSuite.GreenCartHomeTest@5b367418]" started-at="2021-06-07T20:09:28Z" name="testCaseSetup" finished-at="2021-06-07T20:09:37Z" duration-ms="8833" status="PASS">
          <reporter-output>
          </reporter-output>
        </test-method> <!-- testCaseSetup -->
        <test-method signature="testMetaData()[pri:0, instance:testSuite.GreenCartHomeTest@5b367418]" started-at="2021-06-07T20:09:37Z" name="testMetaData" finished-at="2021-06-07T20:09:37Z" duration-ms="104" status="PASS">
          <reporter-output>
          </reporter-output>
        </test-method> <!-- testMetaData -->
        <test-method is-config="true" signature="testMethodEnd()[pri:0, instance:testSuite.GreenCartHomeTest@5b367418]" started-at="2021-06-07T20:09:37Z" name="testMethodEnd" finished-at="2021-06-07T20:09:38Z" duration-ms="732" status="PASS">
          <reporter-output>
          </reporter-output>
        </test-method> <!-- testMethodEnd -->
        <test-method is-config="true" signature="testCaseSetup()[pri:0, instance:testSuite.GreenCartHomeTest@5b367418]" started-at="2021-06-07T20:09:38Z" name="testCaseSetup" finished-at="2021-06-07T20:09:42Z" duration-ms="4436" status="PASS">
          <reporter-output>
          </reporter-output>
        </test-method> <!-- testCaseSetup -->
        <test-method signature="verifyPageLogo()[pri:0, instance:testSuite.GreenCartHomeTest@5b367418]" started-at="2021-06-07T20:09:42Z" name="verifyPageLogo" finished-at="2021-06-07T20:09:43Z" duration-ms="435" status="PASS">
          <reporter-output>
          </reporter-output>
        </test-method> <!-- verifyPageLogo -->
        <test-method is-config="true" signature="testMethodEnd()[pri:0, instance:testSuite.GreenCartHomeTest@5b367418]" started-at="2021-06-07T20:09:43Z" name="testMethodEnd" finished-at="2021-06-07T20:09:43Z" duration-ms="203" status="PASS">
          <reporter-output>
          </reporter-output>
        </test-method> <!-- testMethodEnd -->
        <test-method is-config="true" signature="endTest()[pri:0, instance:testSuite.GreenCartHomeTest@5b367418]" started-at="2021-06-07T20:09:43Z" name="endTest" finished-at="2021-06-07T20:09:43Z" duration-ms="0" status="PASS">
          <reporter-output>
          </reporter-output>
        </test-method> <!-- endTest -->
      </class> <!-- testSuite.GreenCartHomeTest -->
    </test> <!-- Test -->
  </suite> <!-- Suite -->
</testng-results>
