<?xml version="1.0" encoding="UTF-8"?>
<testng-results ignored="0" total="2" passed="2" failed="0" skipped="0">
  <reporter-output>
  </reporter-output>
  <suite started-at="2021-06-30T22:22:24 EDT" name="Suite" finished-at="2021-06-30T22:23:02 EDT" duration-ms="38173">
    <groups>
    </groups>
    <test started-at="2021-06-30T22:22:24 EDT" name="Test" finished-at="2021-06-30T22:23:02 EDT" duration-ms="38173">
      <class name="testSuite.GreenCartHomeTest">
        <test-method is-config="true" signature="testSetup()[pri:0, instance:testSuite.GreenCartHomeTest@63f259c3]" started-at="2021-06-30T22:22:24 EDT" name="testSetup" finished-at="2021-06-30T22:22:24 EDT" duration-ms="20" status="PASS">
          <reporter-output>
          </reporter-output>
        </test-method> <!-- testSetup -->
        <test-method is-config="true" signature="startTest()[pri:0, instance:testSuite.GreenCartHomeTest@63f259c3]" started-at="2021-06-30T22:22:24 EDT" name="startTest" finished-at="2021-06-30T22:22:25 EDT" duration-ms="359" status="PASS">
          <reporter-output>
          </reporter-output>
        </test-method> <!-- startTest -->
        <test-method is-config="true" signature="testCaseSetup()[pri:0, instance:testSuite.GreenCartHomeTest@63f259c3]" started-at="2021-06-30T22:22:25 EDT" name="testCaseSetup" finished-at="2021-06-30T22:22:40 EDT" duration-ms="14965" status="PASS">
          <reporter-output>
          </reporter-output>
        </test-method> <!-- testCaseSetup -->
        <test-method signature="testMetaData()[pri:0, instance:testSuite.GreenCartHomeTest@63f259c3]" started-at="2021-06-30T22:22:40 EDT" name="testMetaData" finished-at="2021-06-30T22:22:40 EDT" duration-ms="97" status="PASS">
          <reporter-output>
          </reporter-output>
        </test-method> <!-- testMetaData -->
        <test-method is-config="true" signature="testMethodEnd()[pri:0, instance:testSuite.GreenCartHomeTest@63f259c3]" started-at="2021-06-30T22:22:40 EDT" name="testMethodEnd" finished-at="2021-06-30T22:22:41 EDT" duration-ms="1146" status="PASS">
          <reporter-output>
          </reporter-output>
        </test-method> <!-- testMethodEnd -->
        <test-method is-config="true" signature="testCaseSetup()[pri:0, instance:testSuite.GreenCartHomeTest@63f259c3]" started-at="2021-06-30T22:22:41 EDT" name="testCaseSetup" finished-at="2021-06-30T22:23:02 EDT" duration-ms="20832" status="PASS">
          <reporter-output>
          </reporter-output>
        </test-method> <!-- testCaseSetup -->
        <test-method signature="verifyPageLogo()[pri:0, instance:testSuite.GreenCartHomeTest@63f259c3]" started-at="2021-06-30T22:23:02 EDT" name="verifyPageLogo" finished-at="2021-06-30T22:23:02 EDT" duration-ms="248" status="PASS">
          <reporter-output>
          </reporter-output>
        </test-method> <!-- verifyPageLogo -->
        <test-method is-config="true" signature="testMethodEnd()[pri:0, instance:testSuite.GreenCartHomeTest@63f259c3]" started-at="2021-06-30T22:23:02 EDT" name="testMethodEnd" finished-at="2021-06-30T22:23:02 EDT" duration-ms="401" status="PASS">
          <reporter-output>
          </reporter-output>
        </test-method> <!-- testMethodEnd -->
        <test-method is-config="true" signature="endTest()[pri:0, instance:testSuite.GreenCartHomeTest@63f259c3]" started-at="2021-06-30T22:23:02 EDT" name="endTest" finished-at="2021-06-30T22:23:02 EDT" duration-ms="47" status="PASS">
          <reporter-output>
          </reporter-output>
        </test-method> <!-- endTest -->
      </class> <!-- testSuite.GreenCartHomeTest -->
    </test> <!-- Test -->
  </suite> <!-- Suite -->
</testng-results>
